<?xml version="1.0" encoding="UTF-8"?>
<testsuites>
  <testsuite name="50000 HelloWorld Test" timestamp="2022-10-09T06:56:29" hostname="bc3213188636" time="5.31" tests="1" errors="0" failures="0" skipped="0">
    <properties>
[...]
</properties>
    <testcase classname="50000 HelloWorld Test" name="TestHelloWorldMessage" time="5.31" />
  </testsuite>
  <testsuite name="95000 HelloWorld Test2" timestamp="2022-10-09T06:56:38" hostname="bc3213188636" time="0.344" tests="1" errors="0" failures="0" skipped="0">
    <properties>
[...]
</properties>
    <testcase classname="95000 HelloWorld Test2" name="TestHelloWorldMessage" time="0.344" />
  </testsuite>
</testsuites>